mode: set
imooc-go-learn/container/nonrepeatingsubstr/nonrepeatingsubstr.go:7.47,12.31 4 1
imooc-go-learn/container/nonrepeatingsubstr/nonrepeatingsubstr.go:22.2,22.18 1 1
imooc-go-learn/container/nonrepeatingsubstr/nonrepeatingsubstr.go:12.31,13.58 1 1
imooc-go-learn/container/nonrepeatingsubstr/nonrepeatingsubstr.go:16.3,16.28 1 1
imooc-go-learn/container/nonrepeatingsubstr/nonrepeatingsubstr.go:19.3,19.23 1 1
imooc-go-learn/container/nonrepeatingsubstr/nonrepeatingsubstr.go:13.58,15.4 1 1
imooc-go-learn/container/nonrepeatingsubstr/nonrepeatingsubstr.go:16.28,18.4 1 1
imooc-go-learn/container/nonrepeatingsubstr/nonrepeatingsubstr.go:25.13,45.2 9 0
